x26 = Identificador
= = OperadorAsignacion
1.5e-8 = Numero
; = finSentencia
== = OperadorRelacional
& = Caracter
&& = OperadorLogico
|| = OperadorLogico
| = Caracter
! = OperadorLogico
!= = OperadorRelacional
<<<>>>
>= = OperadorRelacional
<= = OperadorRelacional
++ = OperadorIncrementoTermino
+ = OperadorTermino
-- = OperadorIncrementoTermino
- = OperadorTermino
+= = OperadorIncrementoTermino
-= = OperadorIncrementoTermino
* = OperadorFactor
/ = OperadorFactor
*= = OperadorIncrementofactor
/= = OperadorIncrementofactor
% = OperadorFactor
%= = OperadorIncrementofactor
? = OperadorTernario
"" = Cadena
"H = Cadena
ola = Identificador
mundo1 = Identificador
"
 = Cadena
{ = Caracter
} = Caracter
" = Cadena
